<?xml version="1.0" encoding="UTF-8"?>
<testsuite name="AccountServiceTest" tests="1" skipped="0" failures="1" errors="0" timestamp="2022-02-19T01:44:24" hostname="Ngocs-MacBook-Pro.local" time="5.408">
  <properties/>
  <testcase name="start" classname="AccountServiceTest" time="5.408">
    <failure message="java.lang.AssertionError: Wrong answer in test #11&#10;&#10;POST /api/auth/signup/ should respond with status code 400, responded: 200&#10;&#10;Response body:&#10;{&#10;  &quot;name&quot; : &quot;John&quot;,&#10;  &quot;lastname&quot; : &quot;Doe&quot;,&#10;  &quot;email&quot; : &quot;johndoe@google.com&quot;&#10;}&#10;Request body:&#10;{&quot;name&quot;:&quot;John&quot;,&quot;lastname&quot;:&quot;Doe&quot;,&quot;email&quot;:&quot;johndoe@google.com&quot;,&quot;password&quot;:&quot;secret&quot;}&#10;&#10;Please find below the output of your program during this failed test.&#10;&#10;---&#10;&#10;.   ____          _            __ _ _&#10; /\\ / ___'_ __ _ _(_)_ __  __ _ \ \ \ \&#10;( ( )\___ | '_ | '_| | '_ \/ _` | \ \ \ \&#10; \\/  ___)| |_)| | | | | || (_| |  ) ) ) )&#10;  '  |____| .__|_| |_|_| |_\__, | / / / /&#10; =========|_|==============|___/=/_/_/_/&#10; :: Spring Boot ::        (v2.3.1.RELEASE)&#10;&#10;2022-02-18 20:44:25.041  INFO 91880 --- [    Test worker] account.AccountServiceApplication        : Starting AccountServiceApplication on Ngocs-MacBook-Pro.local with PID 91880 (started by ngocvunguyen in /Users/ngocvunguyen/eclipse/Account Service/Account Service/task)&#10;2022-02-18 20:44:25.044  INFO 91880 --- [    Test worker] account.AccountServiceApplication        : No active profile set, falling back to default profiles: default&#10;2022-02-18 20:44:25.949  INFO 91880 --- [    Test worker] .s.d.r.c.RepositoryConfigurationDelegate : Bootstrapping Spring Data JPA repositories in DEFERRED mode.&#10;2022-02-18 20:44:26.000  INFO 91880 --- [    Test worker] .s.d.r.c.RepositoryConfigurationDelegate : Finished Spring Data repository scanning in 42ms. Found 1 JPA repository interfaces.&#10;2022-02-18 20:44:26.595  INFO 91880 --- [    Test worker] o.s.b.w.embedded.tomcat.TomcatWebServer  : Tomcat initialized with port(s): 28852 (http)&#10;2022-02-18 20:44:26.608  INFO 91880 --- [    Test worker] o.apache.catalina.core.StandardService   : Starting service [Tomcat]&#10;2022-02-18 20:44:26.609  INFO 91880 --- [    Test worker] org.apache.catalina.core.StandardEngine  : Starting Servlet engine: [Apache Tomcat/9.0.36]&#10;2022-02-18 20:44:26.738  INFO 91880 --- [    Test worker] o.a.c.c.C.[Tomcat].[localhost].[/api]    : Initializing Spring embedded WebApplicationContext&#10;2022-02-18 20:44:26.738  INFO 91880 --- [    Test worker] w.s.c.ServletWebServerApplicationContext : Root WebApplicationContext: initialization completed in 1658 ms&#10;2022-02-18 20:44:26.879  INFO 91880 --- [    Test worker] com.zaxxer.hikari.HikariDataSource       : HikariPool-1 - Starting...&#10;2022-02-18 20:44:27.084  INFO 91880 --- [    Test worker] com.zaxxer.hikari.HikariDataSource       : HikariPool-1 - Start completed.&#10;2022-02-18 20:44:27.092  INFO 91880 --- [    Test worker] o.s.b.a.h2.H2ConsoleAutoConfiguration    : H2 console available at '/h2'. Database available at 'jdbc:h2:file:~/account'&#10;2022-02-18 20:44:27.225  INFO 91880 --- [    Test worker] o.s.s.concurrent.ThreadPoolTaskExecutor  : Initializing ExecutorService 'applicationTaskExecutor'&#10;2022-02-18 20:44:27.273  INFO 91880 --- [         task-1] o.hibernate.jpa.internal.util.LogHelper  : HHH000204: Processing PersistenceUnitInfo [name: default]&#10;2022-02-18 20:44:27.311  WARN 91880 --- [    Test worker] JpaBaseConfiguration$JpaWebConfiguration : spring.jpa.open-in-view is enabled by default. Therefore, database queries may be performed during view rendering. Explicitly configure spring.jpa.open-in-view to disable this warning&#10;2022-02-18 20:44:27.349  INFO 91880 --- [         task-1] org.hibernate.Version                    : HHH000412: Hibernate ORM core version 5.4.17.Final&#10;2022-02-18 20:44:27.580  INFO 91880 --- [         task-1] o.hibernate.annotations.common.Version   : HCANN000001: Hibernate Commons Annotations {5.1.0.Final}&#10;2022-02-18 20:44:27.744  INFO 91880 --- [         task-1] org.hibernate.dialect.Dialect            : HHH000400: Using dialect: org.hibernate.dialect.H2Dialect&#10;Hibernate: drop table if exists user CASCADE &#10;Hibernate: create table user (name varchar(255) not null, email varchar(255) not null, lastname varchar(255) not null, password varchar(255) not null, primary key (name))&#10;2022-02-18 20:44:28.502  INFO 91880 --- [         task-1] o.h.e.t.j.p.i.JtaPlatformInitiator       : HHH000490: Using JtaPlatform implementation: [org.hibernate.engine.transaction.jta.platform.internal.NoJtaPlatform]&#10;2022-02-18 20:44:28.510  INFO 91880 --- [         task-1] j.LocalContainerEntityManagerFactoryBean : Initialized JPA EntityManagerFactory for persistence unit 'default'&#10;2022-02-18 20:44:28.577  INFO 91880 --- [    Test worker] o.s.b.a.e.web.EndpointLinksResolver      : Exposing 14 endpoint(s) beneath base path '/actuator'&#10;2022-02-18 20:44:28.624  INFO 91880 --- [    Test worker] o.s.b.w.embedded.tomcat.TomcatWebServer  : Tomcat started on port(s): 28852 (http) with context path '/api'&#10;2022-02-18 20:44:28.625  INFO 91880 --- [    Test worker] DeferredRepositoryInitializationListener : Triggering deferred initialization of Spring Data repositories…&#10;2022-02-18 20:44:28.808  INFO 91880 --- [    Test worker] DeferredRepositoryInitializationListener : Spring Data repositories initialized!&#10;2022-02-18 20:44:28.820  INFO 91880 --- [    Test worker] account.AccountServiceApplication        : Started AccountServiceApplication in 4.318 seconds (JVM running for 5.179)&#10;2022-02-18 20:44:29.189  INFO 91880 --- [io-28852-exec-1] o.a.c.c.C.[Tomcat].[localhost].[/api]    : Initializing Spring DispatcherServlet 'dispatcherServlet'&#10;2022-02-18 20:44:29.189  INFO 91880 --- [io-28852-exec-1] o.s.web.servlet.DispatcherServlet        : Initializing Servlet 'dispatcherServlet'&#10;2022-02-18 20:44:29.199  INFO 91880 --- [io-28852-exec-1] o.s.web.servlet.DispatcherServlet        : Completed initialization in 10 ms&#10;Hibernate: select user0_.name as name1_0_0_, user0_.email as email2_0_0_, user0_.lastname as lastname3_0_0_, user0_.password as password4_0_0_ from user user0_ where user0_.name=?&#10;Hibernate: insert into user (email, lastname, password, name) values (?, ?, ?, ?)&#10;2022-02-18 20:44:29.411  WARN 91880 --- [io-28852-exec-2] .w.s.m.s.DefaultHandlerExceptionResolver : Resolved [org.springframework.web.bind.MethodArgumentNotValidException: Validation failed for argument [0] in public org.springframework.http.ResponseEntity&lt;account.model.User&gt; account.controllers.AuthController.signup(account.model.User): [Field error in object 'user' on field 'name': rejected value []; codes [NotBlank.user.name,NotBlank.name,NotBlank.java.lang.String,NotBlank]; arguments [org.springframework.context.support.DefaultMessageSourceResolvable: codes [user.name,name]; arguments []; default message [name]]; default message [must not be blank]] ]&#10;2022-02-18 20:44:29.434  WARN 91880 --- [io-28852-exec-3] .w.s.m.s.DefaultHandlerExceptionResolver : Resolved [org.springframework.web.bind.MethodArgumentNotValidException: Validation failed for argument [0] in public org.springframework.http.ResponseEntity&lt;account.model.User&gt; account.controllers.AuthController.signup(account.model.User) with 2 errors: [Field error in object 'user' on field 'name': rejected value [null]; codes [NotNull.user.name,NotNull.name,NotNull.java.lang.String,NotNull]; arguments [org.springframework.context.support.DefaultMessageSourceResolvable: codes [user.name,name]; arguments []; default message [name]]; default message [must not be null]] [Field error in object 'user' on field 'name': rejected value [null]; codes [NotBlank.user.name,NotBlank.name,NotBlank.java.lang.String,NotBlank]; arguments [org.springframework.context.support.DefaultMessageSourceResolvable: codes [user.name,name]; arguments []; default message [name]]; default message [must not be blank]] ]&#10;2022-02-18 20:44:29.441  WARN 91880 --- [io-28852-exec-4] .w.s.m.s.DefaultHandlerExceptionResolver : Resolved [org.springframework.web.bind.MethodArgumentNotValidException: Validation failed for argument [0] in public org.springframework.http.ResponseEntity&lt;account.model.User&gt; account.controllers.AuthController.signup(account.model.User): [Field error in object 'user' on field 'lastname': rejected value []; codes [NotBlank.user.lastname,NotBlank.lastname,NotBlank.java.lang.String,NotBlank]; arguments [org.springframework.context.support.DefaultMessageSourceResolvable: codes [user.lastname,lastname]; arguments []; default message [lastname]]; default message [must not be blank]] ]&#10;2022-02-18 20:44:29.448  WARN 91880 --- [io-28852-exec-5] .w.s.m.s.DefaultHandlerExceptionResolver : Resolved [org.springframework.web.bind.MethodArgumentNotValidException: Validation failed for argument [0] in public org.springframework.http.ResponseEntity&lt;account.model.User&gt; account.controllers.AuthController.signup(account.model.User) with 2 errors: [Field error in object 'user' on field 'lastname': rejected value [null]; codes [NotNull.user.lastname,NotNull.lastname,NotNull.java.lang.String,NotNull]; arguments [org.springframework.context.support.DefaultMessageSourceResolvable: codes [user.lastname,lastname]; arguments []; default message [lastname]]; default message [must not be null]] [Field error in object 'user' on field 'lastname': rejected value [null]; codes [NotBlank.user.lastname,NotBlank.lastname,NotBlank.java.lang.String,NotBlank]; arguments [org.springframework.context.support.DefaultMessageSourceResolvable: codes [user.lastname,lastname]; arguments []; default message [lastname]]; default message [must not be blank]] ]&#10;2022-02-18 20:44:29.458  WARN 91880 --- [io-28852-exec-6] .w.s.m.s.DefaultHandlerExceptionResolver : Resolved [org.springframework.web.bind.MethodArgumentNotValidException: Validation failed for argument [0] in public org.springframework.http.ResponseEntity&lt;account.model.User&gt; account.controllers.AuthController.signup(account.model.User) with 2 errors: [Field error in object 'user' on field 'email': rejected value []; codes [NotBlank.user.email,NotBlank.email,NotBlank.java.lang.String,NotBlank]; arguments [org.springframework.context.support.DefaultMessageSourceResolvable: codes [user.email,email]; arguments []; default message [email]]; default message [must not be blank]] [Field error in object 'user' on field 'email': rejected value []; codes [Pattern.user.email,Pattern.email,Pattern.java.lang.String,Pattern]; arguments [org.springframework.context.support.DefaultMessageSourceResolvable: codes [user.email,email]; arguments []; default message [email],[Ljavax.validation.constraints.Pattern$Flag;@4aaae633,.+@.+\..+]; default message [must match &quot;.+@.+\..+&quot;]] ]&#10;2022-02-18 20:44:29.466  WARN 91880 --- [io-28852-exec-7] .w.s.m.s.DefaultHandlerExceptionResolver : Resolved [org.springframework.web.bind.MethodArgumentNotValidException: Validation failed for argument [0] in public org.springframework.http.ResponseEntity&lt;account.model.User&gt; account.controllers.AuthController.signup(account.model.User) with 2 errors: [Field error in object 'user' on field 'lastname': rejected value [null]; codes [NotNull.user.lastname,NotNull.lastname,NotNull.java.lang.String,NotNull]; arguments [org.springframework.context.support.DefaultMessageSourceResolvable: codes [user.lastname,lastname]; arguments []; default message [lastname]]; default message [must not be null]] [Field error in object 'user' on field 'lastname': rejected value [null]; codes [NotBlank.user.lastname,NotBlank.lastname,NotBlank.java.lang.String,NotBlank]; arguments [org.springframework.context.support.DefaultMessageSourceResolvable: codes [user.lastname,lastname]; arguments []; default message [lastname]]; default message [must not be blank]] ]&#10;2022-02-18 20:44:29.475  WARN 91880 --- [io-28852-exec-8] .w.s.m.s.DefaultHandlerExceptionResolver : Resolved [org.springframework.web.bind.MethodArgumentNotValidException: Validation failed for argument [0] in public org.springframework.http.ResponseEntity&lt;account.model.User&gt; account.controllers.AuthController.signup(account.model.User): [Field error in object 'user' on field 'password': rejected value []; codes [NotBlank.user.password,NotBlank.password,NotBlank.java.lang.String,NotBlank]; arguments [org.springframework.context.support.DefaultMessageSourceResolvable: codes [user.password,password]; arguments []; default message [password]]; default message [must not be blank]] ]&#10;2022-02-18 20:44:29.484  WARN 91880 --- [io-28852-exec-9] .w.s.m.s.DefaultHandlerExceptionResolver : Resolved [org.springframework.web.bind.MethodArgumentNotValidException: Validation failed for argument [0] in public org.springframework.http.ResponseEntity&lt;account.model.User&gt; account.controllers.AuthController.signup(account.model.User) with 2 errors: [Field error in object 'user' on field 'password': rejected value [null]; codes [NotNull.user.password,NotNull.password,NotNull.java.lang.String,NotNull]; arguments [org.springframework.context.support.DefaultMessageSourceResolvable: codes [user.password,password]; arguments []; default message [password]]; default message [must not be null]] [Field error in object 'user' on field 'password': rejected value [null]; codes [NotBlank.user.password,NotBlank.password,NotBlank.java.lang.String,NotBlank]; arguments [org.springframework.context.support.DefaultMessageSourceResolvable: codes [user.password,password]; arguments []; default message [password]]; default message [must not be blank]] ]&#10;2022-02-18 20:44:29.492  WARN 91880 --- [o-28852-exec-10] .w.s.m.s.DefaultHandlerExceptionResolver : Resolved [org.springframework.web.bind.MethodArgumentNotValidException: Validation failed for argument [0] in public org.springframework.http.ResponseEntity&lt;account.model.User&gt; account.controllers.AuthController.signup(account.model.User): [Field error in object 'user' on field 'email': rejected value [johndoeacme.com]; codes [Pattern.user.email,Pattern.email,Pattern.java.lang.String,Pattern]; arguments [org.springframework.context.support.DefaultMessageSourceResolvable: codes [user.email,email]; arguments []; default message [email],[Ljavax.validation.constraints.Pattern$Flag;@4aaae633,.+@.+\..+]; default message [must match &quot;.+@.+\..+&quot;]] ]&#10;Hibernate: select user0_.name as name1_0_0_, user0_.email as email2_0_0_, user0_.lastname as lastname3_0_0_, user0_.password as password4_0_0_ from user user0_ where user0_.name=?&#10;Hibernate: update user set email=?, lastname=?, password=? where name=?" type="java.lang.AssertionError">java.lang.AssertionError: Wrong answer in test #11

POST /api/auth/signup/ should respond with status code 400, responded: 200

Response body:
{
  &quot;name&quot; : &quot;John&quot;,
  &quot;lastname&quot; : &quot;Doe&quot;,
  &quot;email&quot; : &quot;johndoe@google.com&quot;
}
Request body:
{&quot;name&quot;:&quot;John&quot;,&quot;lastname&quot;:&quot;Doe&quot;,&quot;email&quot;:&quot;johndoe@google.com&quot;,&quot;password&quot;:&quot;secret&quot;}

Please find below the output of your program during this failed test.

---

.   ____          _            __ _ _
 /\\ / ___'_ __ _ _(_)_ __  __ _ \ \ \ \
( ( )\___ | '_ | '_| | '_ \/ _` | \ \ \ \
 \\/  ___)| |_)| | | | | || (_| |  ) ) ) )
  '  |____| .__|_| |_|_| |_\__, | / / / /
 =========|_|==============|___/=/_/_/_/
 :: Spring Boot ::        (v2.3.1.RELEASE)

2022-02-18 20:44:25.041  INFO 91880 --- [    Test worker] account.AccountServiceApplication        : Starting AccountServiceApplication on Ngocs-MacBook-Pro.local with PID 91880 (started by ngocvunguyen in /Users/ngocvunguyen/eclipse/Account Service/Account Service/task)
2022-02-18 20:44:25.044  INFO 91880 --- [    Test worker] account.AccountServiceApplication        : No active profile set, falling back to default profiles: default
2022-02-18 20:44:25.949  INFO 91880 --- [    Test worker] .s.d.r.c.RepositoryConfigurationDelegate : Bootstrapping Spring Data JPA repositories in DEFERRED mode.
2022-02-18 20:44:26.000  INFO 91880 --- [    Test worker] .s.d.r.c.RepositoryConfigurationDelegate : Finished Spring Data repository scanning in 42ms. Found 1 JPA repository interfaces.
2022-02-18 20:44:26.595  INFO 91880 --- [    Test worker] o.s.b.w.embedded.tomcat.TomcatWebServer  : Tomcat initialized with port(s): 28852 (http)
2022-02-18 20:44:26.608  INFO 91880 --- [    Test worker] o.apache.catalina.core.StandardService   : Starting service [Tomcat]
2022-02-18 20:44:26.609  INFO 91880 --- [    Test worker] org.apache.catalina.core.StandardEngine  : Starting Servlet engine: [Apache Tomcat/9.0.36]
2022-02-18 20:44:26.738  INFO 91880 --- [    Test worker] o.a.c.c.C.[Tomcat].[localhost].[/api]    : Initializing Spring embedded WebApplicationContext
2022-02-18 20:44:26.738  INFO 91880 --- [    Test worker] w.s.c.ServletWebServerApplicationContext : Root WebApplicationContext: initialization completed in 1658 ms
2022-02-18 20:44:26.879  INFO 91880 --- [    Test worker] com.zaxxer.hikari.HikariDataSource       : HikariPool-1 - Starting...
2022-02-18 20:44:27.084  INFO 91880 --- [    Test worker] com.zaxxer.hikari.HikariDataSource       : HikariPool-1 - Start completed.
2022-02-18 20:44:27.092  INFO 91880 --- [    Test worker] o.s.b.a.h2.H2ConsoleAutoConfiguration    : H2 console available at '/h2'. Database available at 'jdbc:h2:file:~/account'
2022-02-18 20:44:27.225  INFO 91880 --- [    Test worker] o.s.s.concurrent.ThreadPoolTaskExecutor  : Initializing ExecutorService 'applicationTaskExecutor'
2022-02-18 20:44:27.273  INFO 91880 --- [         task-1] o.hibernate.jpa.internal.util.LogHelper  : HHH000204: Processing PersistenceUnitInfo [name: default]
2022-02-18 20:44:27.311  WARN 91880 --- [    Test worker] JpaBaseConfiguration$JpaWebConfiguration : spring.jpa.open-in-view is enabled by default. Therefore, database queries may be performed during view rendering. Explicitly configure spring.jpa.open-in-view to disable this warning
2022-02-18 20:44:27.349  INFO 91880 --- [         task-1] org.hibernate.Version                    : HHH000412: Hibernate ORM core version 5.4.17.Final
2022-02-18 20:44:27.580  INFO 91880 --- [         task-1] o.hibernate.annotations.common.Version   : HCANN000001: Hibernate Commons Annotations {5.1.0.Final}
2022-02-18 20:44:27.744  INFO 91880 --- [         task-1] org.hibernate.dialect.Dialect            : HHH000400: Using dialect: org.hibernate.dialect.H2Dialect
Hibernate: drop table if exists user CASCADE 
Hibernate: create table user (name varchar(255) not null, email varchar(255) not null, lastname varchar(255) not null, password varchar(255) not null, primary key (name))
2022-02-18 20:44:28.502  INFO 91880 --- [         task-1] o.h.e.t.j.p.i.JtaPlatformInitiator       : HHH000490: Using JtaPlatform implementation: [org.hibernate.engine.transaction.jta.platform.internal.NoJtaPlatform]
2022-02-18 20:44:28.510  INFO 91880 --- [         task-1] j.LocalContainerEntityManagerFactoryBean : Initialized JPA EntityManagerFactory for persistence unit 'default'
2022-02-18 20:44:28.577  INFO 91880 --- [    Test worker] o.s.b.a.e.web.EndpointLinksResolver      : Exposing 14 endpoint(s) beneath base path '/actuator'
2022-02-18 20:44:28.624  INFO 91880 --- [    Test worker] o.s.b.w.embedded.tomcat.TomcatWebServer  : Tomcat started on port(s): 28852 (http) with context path '/api'
2022-02-18 20:44:28.625  INFO 91880 --- [    Test worker] DeferredRepositoryInitializationListener : Triggering deferred initialization of Spring Data repositories…
2022-02-18 20:44:28.808  INFO 91880 --- [    Test worker] DeferredRepositoryInitializationListener : Spring Data repositories initialized!
2022-02-18 20:44:28.820  INFO 91880 --- [    Test worker] account.AccountServiceApplication        : Started AccountServiceApplication in 4.318 seconds (JVM running for 5.179)
2022-02-18 20:44:29.189  INFO 91880 --- [io-28852-exec-1] o.a.c.c.C.[Tomcat].[localhost].[/api]    : Initializing Spring DispatcherServlet 'dispatcherServlet'
2022-02-18 20:44:29.189  INFO 91880 --- [io-28852-exec-1] o.s.web.servlet.DispatcherServlet        : Initializing Servlet 'dispatcherServlet'
2022-02-18 20:44:29.199  INFO 91880 --- [io-28852-exec-1] o.s.web.servlet.DispatcherServlet        : Completed initialization in 10 ms
Hibernate: select user0_.name as name1_0_0_, user0_.email as email2_0_0_, user0_.lastname as lastname3_0_0_, user0_.password as password4_0_0_ from user user0_ where user0_.name=?
Hibernate: insert into user (email, lastname, password, name) values (?, ?, ?, ?)
2022-02-18 20:44:29.411  WARN 91880 --- [io-28852-exec-2] .w.s.m.s.DefaultHandlerExceptionResolver : Resolved [org.springframework.web.bind.MethodArgumentNotValidException: Validation failed for argument [0] in public org.springframework.http.ResponseEntity&lt;account.model.User&gt; account.controllers.AuthController.signup(account.model.User): [Field error in object 'user' on field 'name': rejected value []; codes [NotBlank.user.name,NotBlank.name,NotBlank.java.lang.String,NotBlank]; arguments [org.springframework.context.support.DefaultMessageSourceResolvable: codes [user.name,name]; arguments []; default message [name]]; default message [must not be blank]] ]
2022-02-18 20:44:29.434  WARN 91880 --- [io-28852-exec-3] .w.s.m.s.DefaultHandlerExceptionResolver : Resolved [org.springframework.web.bind.MethodArgumentNotValidException: Validation failed for argument [0] in public org.springframework.http.ResponseEntity&lt;account.model.User&gt; account.controllers.AuthController.signup(account.model.User) with 2 errors: [Field error in object 'user' on field 'name': rejected value [null]; codes [NotNull.user.name,NotNull.name,NotNull.java.lang.String,NotNull]; arguments [org.springframework.context.support.DefaultMessageSourceResolvable: codes [user.name,name]; arguments []; default message [name]]; default message [must not be null]] [Field error in object 'user' on field 'name': rejected value [null]; codes [NotBlank.user.name,NotBlank.name,NotBlank.java.lang.String,NotBlank]; arguments [org.springframework.context.support.DefaultMessageSourceResolvable: codes [user.name,name]; arguments []; default message [name]]; default message [must not be blank]] ]
2022-02-18 20:44:29.441  WARN 91880 --- [io-28852-exec-4] .w.s.m.s.DefaultHandlerExceptionResolver : Resolved [org.springframework.web.bind.MethodArgumentNotValidException: Validation failed for argument [0] in public org.springframework.http.ResponseEntity&lt;account.model.User&gt; account.controllers.AuthController.signup(account.model.User): [Field error in object 'user' on field 'lastname': rejected value []; codes [NotBlank.user.lastname,NotBlank.lastname,NotBlank.java.lang.String,NotBlank]; arguments [org.springframework.context.support.DefaultMessageSourceResolvable: codes [user.lastname,lastname]; arguments []; default message [lastname]]; default message [must not be blank]] ]
2022-02-18 20:44:29.448  WARN 91880 --- [io-28852-exec-5] .w.s.m.s.DefaultHandlerExceptionResolver : Resolved [org.springframework.web.bind.MethodArgumentNotValidException: Validation failed for argument [0] in public org.springframework.http.ResponseEntity&lt;account.model.User&gt; account.controllers.AuthController.signup(account.model.User) with 2 errors: [Field error in object 'user' on field 'lastname': rejected value [null]; codes [NotNull.user.lastname,NotNull.lastname,NotNull.java.lang.String,NotNull]; arguments [org.springframework.context.support.DefaultMessageSourceResolvable: codes [user.lastname,lastname]; arguments []; default message [lastname]]; default message [must not be null]] [Field error in object 'user' on field 'lastname': rejected value [null]; codes [NotBlank.user.lastname,NotBlank.lastname,NotBlank.java.lang.String,NotBlank]; arguments [org.springframework.context.support.DefaultMessageSourceResolvable: codes [user.lastname,lastname]; arguments []; default message [lastname]]; default message [must not be blank]] ]
2022-02-18 20:44:29.458  WARN 91880 --- [io-28852-exec-6] .w.s.m.s.DefaultHandlerExceptionResolver : Resolved [org.springframework.web.bind.MethodArgumentNotValidException: Validation failed for argument [0] in public org.springframework.http.ResponseEntity&lt;account.model.User&gt; account.controllers.AuthController.signup(account.model.User) with 2 errors: [Field error in object 'user' on field 'email': rejected value []; codes [NotBlank.user.email,NotBlank.email,NotBlank.java.lang.String,NotBlank]; arguments [org.springframework.context.support.DefaultMessageSourceResolvable: codes [user.email,email]; arguments []; default message [email]]; default message [must not be blank]] [Field error in object 'user' on field 'email': rejected value []; codes [Pattern.user.email,Pattern.email,Pattern.java.lang.String,Pattern]; arguments [org.springframework.context.support.DefaultMessageSourceResolvable: codes [user.email,email]; arguments []; default message [email],[Ljavax.validation.constraints.Pattern$Flag;@4aaae633,.+@.+\..+]; default message [must match &quot;.+@.+\..+&quot;]] ]
2022-02-18 20:44:29.466  WARN 91880 --- [io-28852-exec-7] .w.s.m.s.DefaultHandlerExceptionResolver : Resolved [org.springframework.web.bind.MethodArgumentNotValidException: Validation failed for argument [0] in public org.springframework.http.ResponseEntity&lt;account.model.User&gt; account.controllers.AuthController.signup(account.model.User) with 2 errors: [Field error in object 'user' on field 'lastname': rejected value [null]; codes [NotNull.user.lastname,NotNull.lastname,NotNull.java.lang.String,NotNull]; arguments [org.springframework.context.support.DefaultMessageSourceResolvable: codes [user.lastname,lastname]; arguments []; default message [lastname]]; default message [must not be null]] [Field error in object 'user' on field 'lastname': rejected value [null]; codes [NotBlank.user.lastname,NotBlank.lastname,NotBlank.java.lang.String,NotBlank]; arguments [org.springframework.context.support.DefaultMessageSourceResolvable: codes [user.lastname,lastname]; arguments []; default message [lastname]]; default message [must not be blank]] ]
2022-02-18 20:44:29.475  WARN 91880 --- [io-28852-exec-8] .w.s.m.s.DefaultHandlerExceptionResolver : Resolved [org.springframework.web.bind.MethodArgumentNotValidException: Validation failed for argument [0] in public org.springframework.http.ResponseEntity&lt;account.model.User&gt; account.controllers.AuthController.signup(account.model.User): [Field error in object 'user' on field 'password': rejected value []; codes [NotBlank.user.password,NotBlank.password,NotBlank.java.lang.String,NotBlank]; arguments [org.springframework.context.support.DefaultMessageSourceResolvable: codes [user.password,password]; arguments []; default message [password]]; default message [must not be blank]] ]
2022-02-18 20:44:29.484  WARN 91880 --- [io-28852-exec-9] .w.s.m.s.DefaultHandlerExceptionResolver : Resolved [org.springframework.web.bind.MethodArgumentNotValidException: Validation failed for argument [0] in public org.springframework.http.ResponseEntity&lt;account.model.User&gt; account.controllers.AuthController.signup(account.model.User) with 2 errors: [Field error in object 'user' on field 'password': rejected value [null]; codes [NotNull.user.password,NotNull.password,NotNull.java.lang.String,NotNull]; arguments [org.springframework.context.support.DefaultMessageSourceResolvable: codes [user.password,password]; arguments []; default message [password]]; default message [must not be null]] [Field error in object 'user' on field 'password': rejected value [null]; codes [NotBlank.user.password,NotBlank.password,NotBlank.java.lang.String,NotBlank]; arguments [org.springframework.context.support.DefaultMessageSourceResolvable: codes [user.password,password]; arguments []; default message [password]]; default message [must not be blank]] ]
2022-02-18 20:44:29.492  WARN 91880 --- [o-28852-exec-10] .w.s.m.s.DefaultHandlerExceptionResolver : Resolved [org.springframework.web.bind.MethodArgumentNotValidException: Validation failed for argument [0] in public org.springframework.http.ResponseEntity&lt;account.model.User&gt; account.controllers.AuthController.signup(account.model.User): [Field error in object 'user' on field 'email': rejected value [johndoeacme.com]; codes [Pattern.user.email,Pattern.email,Pattern.java.lang.String,Pattern]; arguments [org.springframework.context.support.DefaultMessageSourceResolvable: codes [user.email,email]; arguments []; default message [email],[Ljavax.validation.constraints.Pattern$Flag;@4aaae633,.+@.+\..+]; default message [must match &quot;.+@.+\..+&quot;]] ]
Hibernate: select user0_.name as name1_0_0_, user0_.email as email2_0_0_, user0_.lastname as lastname3_0_0_, user0_.password as password4_0_0_ from user user0_ where user0_.name=?
Hibernate: update user set email=?, lastname=?, password=? where name=?
	at org.junit.Assert.fail(Assert.java:89)
	at org.hyperskill.hstest.stage.StageTest.start(StageTest.java:155)
	at java.base/jdk.internal.reflect.NativeMethodAccessorImpl.invoke0(Native Method)
	at java.base/jdk.internal.reflect.NativeMethodAccessorImpl.invoke(NativeMethodAccessorImpl.java:62)
	at java.base/jdk.internal.reflect.DelegatingMethodAccessorImpl.invoke(DelegatingMethodAccessorImpl.java:43)
	at java.base/java.lang.reflect.Method.invoke(Method.java:566)
	at org.junit.runners.model.FrameworkMethod$1.runReflectiveCall(FrameworkMethod.java:59)
	at org.junit.internal.runners.model.ReflectiveCallable.run(ReflectiveCallable.java:12)
	at org.junit.runners.model.FrameworkMethod.invokeExplosively(FrameworkMethod.java:56)
	at org.junit.internal.runners.statements.InvokeMethod.evaluate(InvokeMethod.java:17)
	at org.junit.internal.runners.statements.RunAfters.evaluate(RunAfters.java:27)
	at org.junit.runners.ParentRunner$3.evaluate(ParentRunner.java:306)
	at org.junit.runners.BlockJUnit4ClassRunner$1.evaluate(BlockJUnit4ClassRunner.java:100)
	at org.junit.runners.ParentRunner.runLeaf(ParentRunner.java:366)
	at org.junit.runners.BlockJUnit4ClassRunner.runChild(BlockJUnit4ClassRunner.java:103)
	at org.junit.runners.BlockJUnit4ClassRunner.runChild(BlockJUnit4ClassRunner.java:63)
	at org.junit.runners.ParentRunner$4.run(ParentRunner.java:331)
	at org.junit.runners.ParentRunner$1.schedule(ParentRunner.java:79)
	at org.junit.runners.ParentRunner.runChildren(ParentRunner.java:329)
	at org.junit.runners.ParentRunner.access$100(ParentRunner.java:66)
	at org.junit.runners.ParentRunner$2.evaluate(ParentRunner.java:293)
	at org.junit.runners.ParentRunner$3.evaluate(ParentRunner.java:306)
	at org.junit.runners.ParentRunner.run(ParentRunner.java:413)
	at org.gradle.api.internal.tasks.testing.junit.JUnitTestClassExecutor.runTestClass(JUnitTestClassExecutor.java:110)
	at org.gradle.api.internal.tasks.testing.junit.JUnitTestClassExecutor.execute(JUnitTestClassExecutor.java:58)
	at org.gradle.api.internal.tasks.testing.junit.JUnitTestClassExecutor.execute(JUnitTestClassExecutor.java:38)
	at org.gradle.api.internal.tasks.testing.junit.AbstractJUnitTestClassProcessor.processTestClass(AbstractJUnitTestClassProcessor.java:62)
	at org.gradle.api.internal.tasks.testing.SuiteTestClassProcessor.processTestClass(SuiteTestClassProcessor.java:51)
	at java.base/jdk.internal.reflect.NativeMethodAccessorImpl.invoke0(Native Method)
	at java.base/jdk.internal.reflect.NativeMethodAccessorImpl.invoke(NativeMethodAccessorImpl.java:62)
	at java.base/jdk.internal.reflect.DelegatingMethodAccessorImpl.invoke(DelegatingMethodAccessorImpl.java:43)
	at java.base/java.lang.reflect.Method.invoke(Method.java:566)
	at org.gradle.internal.dispatch.ReflectionDispatch.dispatch(ReflectionDispatch.java:36)
	at org.gradle.internal.dispatch.ReflectionDispatch.dispatch(ReflectionDispatch.java:24)
	at org.gradle.internal.dispatch.ContextClassLoaderDispatch.dispatch(ContextClassLoaderDispatch.java:33)
	at org.gradle.internal.dispatch.ProxyDispatchAdapter$DispatchingInvocationHandler.invoke(ProxyDispatchAdapter.java:94)
	at com.sun.proxy.$Proxy2.processTestClass(Unknown Source)
	at org.gradle.api.internal.tasks.testing.worker.TestWorker.processTestClass(TestWorker.java:119)
	at java.base/jdk.internal.reflect.NativeMethodAccessorImpl.invoke0(Native Method)
	at java.base/jdk.internal.reflect.NativeMethodAccessorImpl.invoke(NativeMethodAccessorImpl.java:62)
	at java.base/jdk.internal.reflect.DelegatingMethodAccessorImpl.invoke(DelegatingMethodAccessorImpl.java:43)
	at java.base/java.lang.reflect.Method.invoke(Method.java:566)
	at org.gradle.internal.dispatch.ReflectionDispatch.dispatch(ReflectionDispatch.java:36)
	at org.gradle.internal.dispatch.ReflectionDispatch.dispatch(ReflectionDispatch.java:24)
	at org.gradle.internal.remote.internal.hub.MessageHubBackedObjectConnection$DispatchWrapper.dispatch(MessageHubBackedObjectConnection.java:182)
	at org.gradle.internal.remote.internal.hub.MessageHubBackedObjectConnection$DispatchWrapper.dispatch(MessageHubBackedObjectConnection.java:164)
	at org.gradle.internal.remote.internal.hub.MessageHub$Handler.run(MessageHub.java:414)
	at org.gradle.internal.concurrent.ExecutorPolicy$CatchAndRecordFailures.onExecute(ExecutorPolicy.java:64)
	at org.gradle.internal.concurrent.ManagedExecutorImpl$1.run(ManagedExecutorImpl.java:48)
	at java.base/java.util.concurrent.ThreadPoolExecutor.runWorker(ThreadPoolExecutor.java:1128)
	at java.base/java.util.concurrent.ThreadPoolExecutor$Worker.run(ThreadPoolExecutor.java:628)
	at org.gradle.internal.concurrent.ThreadFactoryImpl$ManagedThreadRunnable.run(ThreadFactoryImpl.java:56)
	at java.base/java.lang.Thread.run(Thread.java:829)
</failure>
  </testcase>
  <system-out><![CDATA[?[1;31m
Start test 1?[0m

  .   ____          _            __ _ _
 /\\ / ___'_ __ _ _(_)_ __  __ _ \ \ \ \
( ( )\___ | '_ | '_| | '_ \/ _` | \ \ \ \
 \\/  ___)| |_)| | | | | || (_| |  ) ) ) )
  '  |____| .__|_| |_|_| |_\__, | / / / /
 =========|_|==============|___/=/_/_/_/
 :: Spring Boot ::        (v2.3.1.RELEASE)

2022-02-18 20:44:25.041  INFO 91880 --- [    Test worker] account.AccountServiceApplication        : Starting AccountServiceApplication on Ngocs-MacBook-Pro.local with PID 91880 (started by ngocvunguyen in /Users/ngocvunguyen/eclipse/Account Service/Account Service/task)
2022-02-18 20:44:25.044  INFO 91880 --- [    Test worker] account.AccountServiceApplication        : No active profile set, falling back to default profiles: default
2022-02-18 20:44:25.949  INFO 91880 --- [    Test worker] .s.d.r.c.RepositoryConfigurationDelegate : Bootstrapping Spring Data JPA repositories in DEFERRED mode.
2022-02-18 20:44:26.000  INFO 91880 --- [    Test worker] .s.d.r.c.RepositoryConfigurationDelegate : Finished Spring Data repository scanning in 42ms. Found 1 JPA repository interfaces.
2022-02-18 20:44:26.595  INFO 91880 --- [    Test worker] o.s.b.w.embedded.tomcat.TomcatWebServer  : Tomcat initialized with port(s): 28852 (http)
2022-02-18 20:44:26.608  INFO 91880 --- [    Test worker] o.apache.catalina.core.StandardService   : Starting service [Tomcat]
2022-02-18 20:44:26.609  INFO 91880 --- [    Test worker] org.apache.catalina.core.StandardEngine  : Starting Servlet engine: [Apache Tomcat/9.0.36]
2022-02-18 20:44:26.738  INFO 91880 --- [    Test worker] o.a.c.c.C.[Tomcat].[localhost].[/api]    : Initializing Spring embedded WebApplicationContext
2022-02-18 20:44:26.738  INFO 91880 --- [    Test worker] w.s.c.ServletWebServerApplicationContext : Root WebApplicationContext: initialization completed in 1658 ms
2022-02-18 20:44:26.879  INFO 91880 --- [    Test worker] com.zaxxer.hikari.HikariDataSource       : HikariPool-1 - Starting...
2022-02-18 20:44:27.084  INFO 91880 --- [    Test worker] com.zaxxer.hikari.HikariDataSource       : HikariPool-1 - Start completed.
2022-02-18 20:44:27.092  INFO 91880 --- [    Test worker] o.s.b.a.h2.H2ConsoleAutoConfiguration    : H2 console available at '/h2'. Database available at 'jdbc:h2:file:~/account'
2022-02-18 20:44:27.225  INFO 91880 --- [    Test worker] o.s.s.concurrent.ThreadPoolTaskExecutor  : Initializing ExecutorService 'applicationTaskExecutor'
2022-02-18 20:44:27.273  INFO 91880 --- [         task-1] o.hibernate.jpa.internal.util.LogHelper  : HHH000204: Processing PersistenceUnitInfo [name: default]
2022-02-18 20:44:27.311  WARN 91880 --- [    Test worker] JpaBaseConfiguration$JpaWebConfiguration : spring.jpa.open-in-view is enabled by default. Therefore, database queries may be performed during view rendering. Explicitly configure spring.jpa.open-in-view to disable this warning
2022-02-18 20:44:27.349  INFO 91880 --- [         task-1] org.hibernate.Version                    : HHH000412: Hibernate ORM core version 5.4.17.Final
2022-02-18 20:44:27.580  INFO 91880 --- [         task-1] o.hibernate.annotations.common.Version   : HCANN000001: Hibernate Commons Annotations {5.1.0.Final}
2022-02-18 20:44:27.744  INFO 91880 --- [         task-1] org.hibernate.dialect.Dialect            : HHH000400: Using dialect: org.hibernate.dialect.H2Dialect
Hibernate: drop table if exists user CASCADE 
Hibernate: create table user (name varchar(255) not null, email varchar(255) not null, lastname varchar(255) not null, password varchar(255) not null, primary key (name))
2022-02-18 20:44:28.502  INFO 91880 --- [         task-1] o.h.e.t.j.p.i.JtaPlatformInitiator       : HHH000490: Using JtaPlatform implementation: [org.hibernate.engine.transaction.jta.platform.internal.NoJtaPlatform]
2022-02-18 20:44:28.510  INFO 91880 --- [         task-1] j.LocalContainerEntityManagerFactoryBean : Initialized JPA EntityManagerFactory for persistence unit 'default'
2022-02-18 20:44:28.577  INFO 91880 --- [    Test worker] o.s.b.a.e.web.EndpointLinksResolver      : Exposing 14 endpoint(s) beneath base path '/actuator'
2022-02-18 20:44:28.624  INFO 91880 --- [    Test worker] o.s.b.w.embedded.tomcat.TomcatWebServer  : Tomcat started on port(s): 28852 (http) with context path '/api'
2022-02-18 20:44:28.625  INFO 91880 --- [    Test worker] DeferredRepositoryInitializationListener : Triggering deferred initialization of Spring Data repositories…
2022-02-18 20:44:28.808  INFO 91880 --- [    Test worker] DeferredRepositoryInitializationListener : Spring Data repositories initialized!
2022-02-18 20:44:28.820  INFO 91880 --- [    Test worker] account.AccountServiceApplication        : Started AccountServiceApplication in 4.318 seconds (JVM running for 5.179)
2022-02-18 20:44:29.189  INFO 91880 --- [io-28852-exec-1] o.a.c.c.C.[Tomcat].[localhost].[/api]    : Initializing Spring DispatcherServlet 'dispatcherServlet'
2022-02-18 20:44:29.189  INFO 91880 --- [io-28852-exec-1] o.s.web.servlet.DispatcherServlet        : Initializing Servlet 'dispatcherServlet'
2022-02-18 20:44:29.199  INFO 91880 --- [io-28852-exec-1] o.s.web.servlet.DispatcherServlet        : Completed initialization in 10 ms
Hibernate: select user0_.name as name1_0_0_, user0_.email as email2_0_0_, user0_.lastname as lastname3_0_0_, user0_.password as password4_0_0_ from user user0_ where user0_.name=?
Hibernate: insert into user (email, lastname, password, name) values (?, ?, ?, ?)
?[1;31m
Start test 2?[0m
2022-02-18 20:44:29.411  WARN 91880 --- [io-28852-exec-2] .w.s.m.s.DefaultHandlerExceptionResolver : Resolved [org.springframework.web.bind.MethodArgumentNotValidException: Validation failed for argument [0] in public org.springframework.http.ResponseEntity<account.model.User> account.controllers.AuthController.signup(account.model.User): [Field error in object 'user' on field 'name': rejected value []; codes [NotBlank.user.name,NotBlank.name,NotBlank.java.lang.String,NotBlank]; arguments [org.springframework.context.support.DefaultMessageSourceResolvable: codes [user.name,name]; arguments []; default message [name]]; default message [must not be blank]] ]
?[1;31m
Start test 3?[0m
2022-02-18 20:44:29.434  WARN 91880 --- [io-28852-exec-3] .w.s.m.s.DefaultHandlerExceptionResolver : Resolved [org.springframework.web.bind.MethodArgumentNotValidException: Validation failed for argument [0] in public org.springframework.http.ResponseEntity<account.model.User> account.controllers.AuthController.signup(account.model.User) with 2 errors: [Field error in object 'user' on field 'name': rejected value [null]; codes [NotNull.user.name,NotNull.name,NotNull.java.lang.String,NotNull]; arguments [org.springframework.context.support.DefaultMessageSourceResolvable: codes [user.name,name]; arguments []; default message [name]]; default message [must not be null]] [Field error in object 'user' on field 'name': rejected value [null]; codes [NotBlank.user.name,NotBlank.name,NotBlank.java.lang.String,NotBlank]; arguments [org.springframework.context.support.DefaultMessageSourceResolvable: codes [user.name,name]; arguments []; default message [name]]; default message [must not be blank]] ]
?[1;31m
Start test 4?[0m
2022-02-18 20:44:29.441  WARN 91880 --- [io-28852-exec-4] .w.s.m.s.DefaultHandlerExceptionResolver : Resolved [org.springframework.web.bind.MethodArgumentNotValidException: Validation failed for argument [0] in public org.springframework.http.ResponseEntity<account.model.User> account.controllers.AuthController.signup(account.model.User): [Field error in object 'user' on field 'lastname': rejected value []; codes [NotBlank.user.lastname,NotBlank.lastname,NotBlank.java.lang.String,NotBlank]; arguments [org.springframework.context.support.DefaultMessageSourceResolvable: codes [user.lastname,lastname]; arguments []; default message [lastname]]; default message [must not be blank]] ]
?[1;31m
Start test 5?[0m
2022-02-18 20:44:29.448  WARN 91880 --- [io-28852-exec-5] .w.s.m.s.DefaultHandlerExceptionResolver : Resolved [org.springframework.web.bind.MethodArgumentNotValidException: Validation failed for argument [0] in public org.springframework.http.ResponseEntity<account.model.User> account.controllers.AuthController.signup(account.model.User) with 2 errors: [Field error in object 'user' on field 'lastname': rejected value [null]; codes [NotNull.user.lastname,NotNull.lastname,NotNull.java.lang.String,NotNull]; arguments [org.springframework.context.support.DefaultMessageSourceResolvable: codes [user.lastname,lastname]; arguments []; default message [lastname]]; default message [must not be null]] [Field error in object 'user' on field 'lastname': rejected value [null]; codes [NotBlank.user.lastname,NotBlank.lastname,NotBlank.java.lang.String,NotBlank]; arguments [org.springframework.context.support.DefaultMessageSourceResolvable: codes [user.lastname,lastname]; arguments []; default message [lastname]]; default message [must not be blank]] ]
?[1;31m
Start test 6?[0m
2022-02-18 20:44:29.458  WARN 91880 --- [io-28852-exec-6] .w.s.m.s.DefaultHandlerExceptionResolver : Resolved [org.springframework.web.bind.MethodArgumentNotValidException: Validation failed for argument [0] in public org.springframework.http.ResponseEntity<account.model.User> account.controllers.AuthController.signup(account.model.User) with 2 errors: [Field error in object 'user' on field 'email': rejected value []; codes [NotBlank.user.email,NotBlank.email,NotBlank.java.lang.String,NotBlank]; arguments [org.springframework.context.support.DefaultMessageSourceResolvable: codes [user.email,email]; arguments []; default message [email]]; default message [must not be blank]] [Field error in object 'user' on field 'email': rejected value []; codes [Pattern.user.email,Pattern.email,Pattern.java.lang.String,Pattern]; arguments [org.springframework.context.support.DefaultMessageSourceResolvable: codes [user.email,email]; arguments []; default message [email],[Ljavax.validation.constraints.Pattern$Flag;@4aaae633,.+@.+\..+]; default message [must match ".+@.+\..+"]] ]
?[1;31m
Start test 7?[0m
2022-02-18 20:44:29.466  WARN 91880 --- [io-28852-exec-7] .w.s.m.s.DefaultHandlerExceptionResolver : Resolved [org.springframework.web.bind.MethodArgumentNotValidException: Validation failed for argument [0] in public org.springframework.http.ResponseEntity<account.model.User> account.controllers.AuthController.signup(account.model.User) with 2 errors: [Field error in object 'user' on field 'lastname': rejected value [null]; codes [NotNull.user.lastname,NotNull.lastname,NotNull.java.lang.String,NotNull]; arguments [org.springframework.context.support.DefaultMessageSourceResolvable: codes [user.lastname,lastname]; arguments []; default message [lastname]]; default message [must not be null]] [Field error in object 'user' on field 'lastname': rejected value [null]; codes [NotBlank.user.lastname,NotBlank.lastname,NotBlank.java.lang.String,NotBlank]; arguments [org.springframework.context.support.DefaultMessageSourceResolvable: codes [user.lastname,lastname]; arguments []; default message [lastname]]; default message [must not be blank]] ]
?[1;31m
Start test 8?[0m
2022-02-18 20:44:29.475  WARN 91880 --- [io-28852-exec-8] .w.s.m.s.DefaultHandlerExceptionResolver : Resolved [org.springframework.web.bind.MethodArgumentNotValidException: Validation failed for argument [0] in public org.springframework.http.ResponseEntity<account.model.User> account.controllers.AuthController.signup(account.model.User): [Field error in object 'user' on field 'password': rejected value []; codes [NotBlank.user.password,NotBlank.password,NotBlank.java.lang.String,NotBlank]; arguments [org.springframework.context.support.DefaultMessageSourceResolvable: codes [user.password,password]; arguments []; default message [password]]; default message [must not be blank]] ]
?[1;31m
Start test 9?[0m
2022-02-18 20:44:29.484  WARN 91880 --- [io-28852-exec-9] .w.s.m.s.DefaultHandlerExceptionResolver : Resolved [org.springframework.web.bind.MethodArgumentNotValidException: Validation failed for argument [0] in public org.springframework.http.ResponseEntity<account.model.User> account.controllers.AuthController.signup(account.model.User) with 2 errors: [Field error in object 'user' on field 'password': rejected value [null]; codes [NotNull.user.password,NotNull.password,NotNull.java.lang.String,NotNull]; arguments [org.springframework.context.support.DefaultMessageSourceResolvable: codes [user.password,password]; arguments []; default message [password]]; default message [must not be null]] [Field error in object 'user' on field 'password': rejected value [null]; codes [NotBlank.user.password,NotBlank.password,NotBlank.java.lang.String,NotBlank]; arguments [org.springframework.context.support.DefaultMessageSourceResolvable: codes [user.password,password]; arguments []; default message [password]]; default message [must not be blank]] ]
?[1;31m
Start test 10?[0m
2022-02-18 20:44:29.492  WARN 91880 --- [o-28852-exec-10] .w.s.m.s.DefaultHandlerExceptionResolver : Resolved [org.springframework.web.bind.MethodArgumentNotValidException: Validation failed for argument [0] in public org.springframework.http.ResponseEntity<account.model.User> account.controllers.AuthController.signup(account.model.User): [Field error in object 'user' on field 'email': rejected value [johndoeacme.com]; codes [Pattern.user.email,Pattern.email,Pattern.java.lang.String,Pattern]; arguments [org.springframework.context.support.DefaultMessageSourceResolvable: codes [user.email,email]; arguments []; default message [email],[Ljavax.validation.constraints.Pattern$Flag;@4aaae633,.+@.+\..+]; default message [must match ".+@.+\..+"]] ]
?[1;31m
Start test 11?[0m
Hibernate: select user0_.name as name1_0_0_, user0_.email as email2_0_0_, user0_.lastname as lastname3_0_0_, user0_.password as password4_0_0_ from user user0_ where user0_.name=?
Hibernate: update user set email=?, lastname=?, password=? where name=?
]]></system-out>
  <system-err><![CDATA[]]></system-err>
</testsuite>
